<?xml version="1.0" encoding="UTF-8"?>
<!-- Generated by org.testng.reporters.JUnitXMLReporter -->
<testsuite hostname="SPT-CPU-0289" name="Command line test" tests="2" failures="1" timestamp="3 Sep 2015 09:27:47 GMT" time="0.259" errors="0">
  <testcase name="testAddPerson" time="0.013" classname="org.manas.springmvchibernate.controller.PersonControllerTest">
    <failure type="org.mockito.exceptions.verification.WantedButNotInvoked" message="
Wanted but not invoked:
personService.updatePerson(
    id=1, name=Aaron, country=USA
);
-&amp;gt; at org.manas.springmvchibernate.controller.PersonControllerTest.testAddPerson(PersonControllerTest.java:79)
Actually, there were zero interactions with this mock.
">
      <![CDATA[Wanted but not invoked:
personService.updatePerson(
    id=1, name=Aaron, country=USA
);
-> at org.manas.springmvchibernate.controller.PersonControllerTest.testAddPerson(PersonControllerTest.java:79)
Actually, there were zero interactions with this mock.

	at org.manas.springmvchibernate.controller.PersonControllerTest.testAddPerson(PersonControllerTest.java:79)
... Removed 33 stack frames]]>
    </failure>
  </testcase> <!-- testAddPerson -->
  <testcase name="testListPerson" time="0.041" classname="org.manas.springmvchibernate.controller.PersonControllerTest"/>
</testsuite> <!-- Command line test -->
