<?xml version="1.0" encoding="UTF-8"?>
<testng-results skipped="0" failed="1" total="2" passed="1">
  <reporter-output>
  </reporter-output>
  <suite name="org.manas.springmvchibernate.controller.PersonControllerTest" duration-ms="259" started-at="2015-09-03T09:27:47Z" finished-at="2015-09-03T09:27:47Z">
    <groups>
    </groups>
    <test name="Command line test" duration-ms="259" started-at="2015-09-03T09:27:47Z" finished-at="2015-09-03T09:27:47Z">
      <class name="org.manas.springmvchibernate.controller.PersonControllerTest">
        <test-method status="PASS" signature="setup()[pri:0, instance:org.manas.springmvchibernate.controller.PersonControllerTest@2d6a5acd]" name="setup" is-config="true" duration-ms="193" started-at="2015-09-03T14:57:47Z" finished-at="2015-09-03T14:57:47Z">
          <reporter-output>
          </reporter-output>
        </test-method> <!-- setup -->
        <test-method status="FAIL" signature="testAddPerson()[pri:0, instance:org.manas.springmvchibernate.controller.PersonControllerTest@2d6a5acd]" name="testAddPerson" duration-ms="13" started-at="2015-09-03T14:57:47Z" finished-at="2015-09-03T14:57:47Z">
          <exception class="org.mockito.exceptions.verification.WantedButNotInvoked">
            <message>
              <![CDATA[
Wanted but not invoked:
personService.updatePerson(
    id=1, name=Aaron, country=USA
);
-> at org.manas.springmvchibernate.controller.PersonControllerTest.testAddPerson(PersonControllerTest.java:79)
Actually, there were zero interactions with this mock.
]]>
            </message>
            <full-stacktrace>
              <![CDATA[Wanted but not invoked:
personService.updatePerson(
    id=1, name=Aaron, country=USA
);
-> at org.manas.springmvchibernate.controller.PersonControllerTest.testAddPerson(PersonControllerTest.java:79)
Actually, there were zero interactions with this mock.

	at org.manas.springmvchibernate.controller.PersonControllerTest.testAddPerson(PersonControllerTest.java:79)
	at sun.reflect.NativeMethodAccessorImpl.invoke0(Native Method)
	at sun.reflect.NativeMethodAccessorImpl.invoke(NativeMethodAccessorImpl.java:57)
	at sun.reflect.DelegatingMethodAccessorImpl.invoke(DelegatingMethodAccessorImpl.java:43)
	at java.lang.reflect.Method.invoke(Method.java:606)
	at org.testng.internal.MethodInvocationHelper.invokeMethod(MethodInvocationHelper.java:85)
	at org.testng.internal.Invoker.invokeMethod(Invoker.java:659)
	at org.testng.internal.Invoker.invokeTestMethod(Invoker.java:845)
	at org.testng.internal.Invoker.invokeTestMethods(Invoker.java:1153)
	at org.testng.internal.TestMethodWorker.invokeTestMethods(TestMethodWorker.java:125)
	at org.testng.internal.TestMethodWorker.run(TestMethodWorker.java:108)
	at org.testng.TestRunner.privateRun(TestRunner.java:771)
	at org.testng.TestRunner.run(TestRunner.java:621)
	at org.testng.SuiteRunner.runTest(SuiteRunner.java:357)
	at org.testng.SuiteRunner.runSequentially(SuiteRunner.java:352)
	at org.testng.SuiteRunner.privateRun(SuiteRunner.java:310)
	at org.testng.SuiteRunner.run(SuiteRunner.java:259)
	at org.testng.SuiteRunnerWorker.runSuite(SuiteRunnerWorker.java:52)
	at org.testng.SuiteRunnerWorker.run(SuiteRunnerWorker.java:86)
	at org.testng.TestNG.runSuitesSequentially(TestNG.java:1199)
	at org.testng.TestNG.runSuitesLocally(TestNG.java:1124)
	at org.testng.TestNG.run(TestNG.java:1032)
	at org.apache.maven.surefire.testng.TestNGExecutor.run(TestNGExecutor.java:77)
	at org.apache.maven.surefire.testng.TestNGDirectoryTestSuite.execute(TestNGDirectoryTestSuite.java:110)
	at org.apache.maven.surefire.testng.TestNGProvider.invoke(TestNGProvider.java:106)
	at sun.reflect.NativeMethodAccessorImpl.invoke0(Native Method)
	at sun.reflect.NativeMethodAccessorImpl.invoke(NativeMethodAccessorImpl.java:57)
	at sun.reflect.DelegatingMethodAccessorImpl.invoke(DelegatingMethodAccessorImpl.java:43)
	at java.lang.reflect.Method.invoke(Method.java:606)
	at org.apache.maven.surefire.util.ReflectionUtils.invokeMethodWithArray(ReflectionUtils.java:189)
	at org.apache.maven.surefire.booter.ProviderFactory$ProviderProxy.invoke(ProviderFactory.java:165)
	at org.apache.maven.surefire.booter.ProviderFactory.invokeProvider(ProviderFactory.java:85)
	at org.apache.maven.surefire.booter.ForkedBooter.runSuitesInProcess(ForkedBooter.java:115)
	at org.apache.maven.surefire.booter.ForkedBooter.main(ForkedBooter.java:75)
]]>
            </full-stacktrace>
          </exception> <!-- org.mockito.exceptions.verification.WantedButNotInvoked -->
          <reporter-output>
          </reporter-output>
        </test-method> <!-- testAddPerson -->
        <test-method status="PASS" signature="testListPerson()[pri:0, instance:org.manas.springmvchibernate.controller.PersonControllerTest@2d6a5acd]" name="testListPerson" duration-ms="41" started-at="2015-09-03T14:57:47Z" finished-at="2015-09-03T14:57:47Z">
          <reporter-output>
          </reporter-output>
        </test-method> <!-- testListPerson -->
      </class> <!-- org.manas.springmvchibernate.controller.PersonControllerTest -->
    </test> <!-- Command line test -->
  </suite> <!-- org.manas.springmvchibernate.controller.PersonControllerTest -->
</testng-results>
