<?xml version="1.0" encoding="UTF-8" ?>
<testsuite failures="1" time="0.02" errors="0" skipped="0" tests="2" name="org.manas.springmvchibernate.controller.PersonControllerTest">
  <properties>
[...]
</properties>
  <testcase time="0.003" classname="org.manas.springmvchibernate.controller.PersonControllerTest" name="testAddPerson">
    <failure message="
Wanted but not invoked:
personService.updatePerson(
    id=1, name=Aaron, country=USA
);
-&gt; at org.manas.springmvchibernate.controller.PersonControllerTest.testAddPerson(PersonControllerTest.java:79)
Actually, there were zero interactions with this mock.
" type="Wanted but not invoked">Wanted but not invoked:
personService.updatePerson(
    id=1, name=Aaron, country=USA
);
-&gt; at org.manas.springmvchibernate.controller.PersonControllerTest.testAddPerson(PersonControllerTest.java:79)
Actually, there were zero interactions with this mock.

	at org.manas.springmvchibernate.controller.PersonControllerTest.testAddPerson(PersonControllerTest.java:79)
</failure>
    <system-out>Configuring TestNG with: org.apache.maven.surefire.testng.conf.TestNG652Configurator@702a15d6
</system-out>
  </testcase>
  <testcase time="0.017" classname="org.manas.springmvchibernate.controller.PersonControllerTest" name="testListPerson"/>
</testsuite>